[=== Module anaconda/3 loaded ===]
Data copied for Dichrorampha aeratana with 47 images.
Data copied for Pristerognatha fuligana with 20 images.
/home/mila/a/aditya.jain/scratch/GBIF_Data/moths_world//Crambidae/Nymphula/Nymphula responsalis already existed but now deleted.
'usageKey'
Data already available in the target directory for Nymphula responsalis
Data copied for Cucullia umbratica with 1000 images.
Data copied for Calophasia lunula with 1000 images.
Data copied for Agrotis ipsilon with 1000 images.
/home/mila/a/aditya.jain/scratch/GBIF_Data/moths_world//Noctuidae/Rhyacia/Rhyacia simulans already existed but now deleted.
Data copied for Rhyacia simulans with 445 images.
Data copied for Rhyacia lucipeta with 1 images.
Data copied for Actinotia polyodon with 1000 images.
Data copied for Luperina dumerilii with 77 images.
Data copied for Luperina testacea with 1000 images.
Data copied for Meganephria bimaculosa with 25 images.
Data copied for Mesogona acetosellae with 157 images.
Data copied for Mesogona oxalina with 203 images.
Data copied for Thysanoplusia orichalcea with 366 images.
Data copied for Thysanoplusia daubei with 19 images.
Data copied for Macdunnoughia confusa with 1000 images.
Data copied for Tiliacea aurago with 1000 images.
Data copied for Tiliacea citrago with 665 images.
Data copied for Mniotype satura with 1000 images.
Data copied for Mniotype solieri with 79 images.
Data copied for Mniotype adusta with 1000 images.
'usageKey'
Data already available in the target directory for Remigia trifasciata
Data copied for Trachea atriplicis with 1000 images.
Data copied for Oligia fasciuncula with 1000 images.
Data copied for Oligia latruncula with 1000 images.
Data copied for Oligia versicolor with 195 images.
Data copied for Oligia strigilis with 1000 images.
Data copied for Trichoplusia ni with 779 images.
Data copied for Callopistria latreillei with 77 images.
Data copied for Callopistria juventina with 262 images.
Data copied for Sedina buettneri with 49 images.
Data copied for Trigonophora flammea with 146 images.
Data copied for Caradrina kadenii with 627 images.
Data copied for Caradrina morpheus with 1000 images.
Data copied for Caradrina clavipalpis with 1000 images.
Data copied for Oria musculosa with 18 images.
Data copied for Tyta luctuosa with 1000 images.
Data copied for Orthosia cerasi with 1000 images.
Data copied for Orthosia gothica with 1000 images.
Data copied for Orthosia gracilis with 1000 images.
Data copied for Orthosia miniosa with 469 images.
Data copied for Orthosia populeti with 1000 images.
Data copied for Orthosia incerta with 1000 images.
Data copied for Sideridis rivularis with 1000 images.
Data copied for Sideridis turbida with 894 images.
Data copied for Sideridis reticulata with 1000 images.
Data copied for Sideridis albicolon with 39 images.
Data copied for Simyra albovenosa with 867 images.
Data copied for Xanthia togata with 1000 images.
Data copied for Xanthia icteritia with 1000 images.
Data copied for Xanthia gilvago with 577 images.
Data copied for Xanthia ocellaris with 461 images.
Data copied for Spaelotis ravida with 703 images.
Data copied for Celaena haworthii with 1000 images.
Data copied for Xestia alpicola with 1000 images.
Data copied for Xestia ashworthii with 105 images.
Data copied for Xestia baja with 1000 images.
/home/mila/a/aditya.jain/scratch/GBIF_Data/moths_world//Noctuidae/Xestia/Xestia c-nigrum already existed but now deleted.
Data copied for Xestia c-nigrum with 1000 images.
Data copied for Xestia castanea with 693 images.
Data copied for Xestia ditrapezium with 240 images.
Data copied for Xestia sexstrigata with 1000 images.
Data copied for Xestia agathina with 234 images.
/home/mila/a/aditya.jain/scratch/GBIF_Data/moths_world//Noctuidae/Xestia/Xestia xanthographa already existed but now deleted.
Data copied for Xestia xanthographa with 1000 images.
Data copied for Xestia speciosa with 1000 images.
Data copied for Xestia triangulum with 223 images.
Data copied for Cerastis leucographa with 531 images.
Data copied for Cerastis rubricosa with 1000 images.
Data copied for Panemeria tenebrata with 1000 images.
/home/mila/a/aditya.jain/scratch/GBIF_Data/moths_world//Noctuidae/Papestra/Papestra biren already existed but now deleted.
Data copied for Papestra biren with 830 images.
Data copied for Charanyca trigrammica with 1000 images.
Data copied for Euplexia lucipara with 1000 images.
Data copied for Stilbia anomala with 7 images.
Data copied for Chilodes maritima with 820 images.
Data copied for Chloantha hyperici with 327 images.
Data copied for Eupsilia transversa with 1000 images.
Data copied for Chrysodeixis chalcites with 1000 images.
Data copied for Chrysodeixis acuta with 55 images.
Data copied for Eurois occulta with 1000 images.
Data copied for Xylocampa areola with 1000 images.
Data copied for Euxoa cursoria with 1000 images.
Data copied for Euxoa nigricans with 1000 images.
Data copied for Euxoa tritici with 1000 images.
Data copied for Euxoa obelisca with 758 images.
Data copied for Euxoa adumbrata with 110 images.
Data copied for Euxoa recussa with 369 images.
Data copied for Euxoa nigrofusca with 18 images.
Data copied for Euxoa vitta with 19 images.
Data copied for Euxoa ochrogaster with 60 images.
Data copied for Coenophila subrosea with 685 images.
Data copied for Peridroma saucia with 1000 images.
Data copied for Colocasia coryli with 1000 images.
Data copied for Moma alpium with 1000 images.
Data copied for Acontia lucida with 696 images.
Data copied for Acontia aprica with 769 images.
Data copied for Acontia trabealis with 1000 images.
Data copied for Mormo maura with 1000 images.
Data copied for Gortyna borelii with 5 images.
Data copied for Gortyna flavago with 1000 images.
Data copied for Conisania andalusica with 2 images.
Data copied for Conisania leineri with 2 images.
Data copied for Conistra erythrocephala with 1000 images.
Data copied for Conistra ligula with 251 images.
Data copied for Conistra rubiginea with 1000 images.
Data copied for Conistra rubiginosa with 1000 images.
Data copied for Conistra vaccinii with 1000 images.
Data copied for Graphiphora augur with 1000 images.
Data copied for Hada plebeja with 1000 images.
Data copied for Coranarta cordigera with 956 images.
Data copied for Phlogophora meticulosa with 1000 images.
Data copied for Photedes captiuncula with 201 images.
Data copied for Photedes minima with 419 images.
Data copied for Photedes morrisii with 7 images.
Data copied for Naenia typica with 855 images.
Data copied for Cosmia diffinis with 28 images.
Data copied for Cosmia pyralina with 1000 images.
Data copied for Cosmia trapezina with 1000 images.
Data copied for Cosmia affinis with 591 images.
Data copied for Noctua comes with 1000 images.
Data copied for Noctua interjecta with 1000 images.
Data copied for Noctua janthe with 1000 images.
Data copied for Noctua orbona with 623 images.
Data copied for Noctua pronuba with 1000 images.
Data copied for Noctua fimbriata with 1000 images.
Data copied for Noctua janthina with 1000 images.
Data copied for Noctua interposita with 229 images.
Data copied for Hecatera bicolorata with 1000 images.
Data copied for Hecatera dysodea with 985 images.
Data copied for Helicoverpa armigera with 1000 images.
Data copied for Heliothis maritima with 28 images.
Data copied for Heliothis nubigera with 29 images.
Data copied for Heliothis peltigera with 656 images.
Data copied for Heliothis viriplaca with 389 images.
Data copied for Heliothis adaucta with 16 images.
Data copied for Agrochola circellaris with 1000 images.
Data copied for Agrochola helvola with 814 images.
Data copied for Agrochola lota with 1000 images.
Data copied for Agrochola lychnidis with 1000 images.
Data copied for Agrochola macilenta with 1000 images.
Data copied for Agrochola litura with 1000 images.
Data copied for Agrochola haematidea with 17 images.
Data copied for Agrochola nitida with 240 images.
Data copied for Ctenoplusia accentifera with 39 images.
Data copied for Ctenoplusia limbirena with 226 images.
Data copied for Plusia festucae with 1000 images.
/home/mila/a/aditya.jain/scratch/GBIF_Data/moths_world//Noctuidae/Plusia/Plusia putnami already existed but now deleted.
Data copied for Plusia putnami with 1000 images.
Data copied for Nonagria typhae with 1000 images.
Data copied for Polia bombycina with 1000 images.
Data copied for Polia hepatica with 877 images.
Data copied for Polia nebulosa with 1000 images.
Data copied for Dasypolia templi with 1000 images.
Data copied for Hydraecia petasitis with 91 images.
Data copied for Hydraecia micacea with 1000 images.
Data copied for Hydraecia ultima with 106 images.
Data copied for Hydraecia nordstroemi with 794 images.
Data copied for Nyctobrya muralis with 1000 images.
Data copied for Allophyes oxyacanthae with 1000 images.
Data copied for Deltote bankiana with 1000 images.
Data copied for Deltote uncula with 661 images.
Data copied for Deltote deceptoria with 701 images.
Data copied for Ochropleura leucogaster with 114 images.
Data copied for Ochropleura plecta with 1000 images.
Data copied for Polychrysia moneta with 349 images.
Data copied for Amphipoea crinanensis with 336 images.
Data copied for Amphipoea lucens with 320 images.
Data copied for Amphipoea oculea with 1000 images.
Data copied for Amphipyra pyramidea with 1000 images.
Data copied for Amphipyra berbera with 789 images.
Data copied for Amphipyra tragopoginis with 1000 images.
Data copied for Amphipyra perflua with 666 images.
Data copied for Amphipyra livida with 34 images.
'usageKey'
Data already available in the target directory for Adonisea rivulosa
Data copied for Archanara dissoluta with 781 images.
Data copied for Archanara neurica with 109 images.
Data copied for Diachrysia chrysitis with 1000 images.
Data copied for Diachrysia chryson with 62 images.
Data copied for Hyppa rectilinea with 359 images.
Data copied for Diarsia brunnea with 1000 images.
Data copied for Diarsia dahlii with 1000 images.
Data copied for Diarsia mendica with 1000 images.
Data copied for Diarsia rubi with 1000 images.
Data copied for Diarsia florida with 144 images.
Data copied for Pseudeustrotia candidula with 410 images.
Data copied for Anaplectoides prasina with 1000 images.
Data copied for Coenobia rufa with 365 images.
Data copied for Anarta melanopa with 597 images.
Data copied for Anarta myrtilli with 1000 images.
Data copied for Anarta trifolii with 1000 images.
Data copied for Pseudenargia ulicis with 10 images.
Data copied for Aedia leucomelas with 248 images.
Data copied for Aedia funesta with 120 images.
Data copied for Pyrrhia umbra with 982 images.
Data copied for Dicycla oo with 85 images.
Data copied for Diloba caeruleocephala with 1000 images.
Data copied for Anorthoa munda with 1000 images.
Data copied for Jodia croceago with 21 images.
Data copied for Antitype chi with 1000 images.
Data copied for Apamea crenata with 1000 images.
Data copied for Apamea lateritia with 534 images.
Data copied for Apamea lithoxylaea with 1000 images.
Data copied for Apamea monoglypha with 1000 images.
Data copied for Apamea oblonga with 811 images.
Data copied for Apamea sordens with 1000 images.
Data copied for Apamea sublustris with 1000 images.
Data copied for Apamea unanimis with 1000 images.
Data copied for Apamea epomidion with 96 images.
Data copied for Apamea furva with 444 images.
Data copied for Apamea remissa with 1000 images.
Data copied for Apamea exulis with 2 images.
Data copied for Apamea aquila with 95 images.
Data copied for Apamea rubrirena with 266 images.
Data copied for Apamea illyria with 365 images.
Data copied for Standfussiana lucernea with 271 images.
Data copied for Dryobota labecula with 26 images.
Data copied for Dypterygia scabriuscula with 1000 images.
Data copied for Lithophane lamda with 578 images.
Data copied for Lithophane consocia with 1000 images.
Data copied for Lithophane furcifera with 1000 images.
Data copied for Lithophane leautieri with 237 images.
Data copied for Lithophane semibrunnea with 209 images.
Data copied for Lithophane socia with 1000 images.
Data copied for Egira conspicillaris with 284 images.
Data copied for Thalpophila matura with 1000 images.
Data copied for Elaphria venustula with 1000 images.
Data copied for Elaphria agrotina with 33 images.
Data copied for Lenisa geminipuncta with 555 images.
Data copied for Leucania putrescens with 90 images.
Data copied for Enargia paleacea with 1000 images.
Data copied for Leucochlaena oditis with 74 images.
Data copied for Cryphia algae with 1000 images.
Data copied for Aporophyla australis with 215 images.
Data copied for Aporophyla nigra with 399 images.
Data copied for Aporophyla lueneburgensis with 223 images.
Data copied for Apterogenum ypsillon with 1000 images.
Data copied for Asteroscopus sphinx with 1000 images.
Data copied for Atethmia centrago with 1000 images.
Data copied for Athetis hospes with 87 images.
Data copied for Athetis pallustris with 61 images.
Data copied for Autographa bractea with 693 images.
Data copied for Autographa gamma with 1000 images.
Data copied for Autographa jota with 768 images.
Data copied for Autographa pulchrina with 1000 images.
/home/mila/a/aditya.jain/scratch/GBIF_Data/moths_world//Noctuidae/Autographa/Autographa bimaculata already existed but now deleted.
Data copied for Autographa bimaculata with 87 images.
Data copied for Autographa macrogamma with 803 images.
Data copied for Autographa mandarina with 181 images.
Data copied for Autographa buraetica with 401 images.
Data copied for Litoligia literosa with 817 images.
Data copied for Axylia putris with 1000 images.
Data copied for Diphthera festiva with 551 images.
Data copied for Eriopygodes imbecilla with 565 images.
Data copied for Eucarta virgo with 170 images.
Data copied for Eucarta amethystina with 56 images.
Data copied for Mesapamea secalis with 1000 images.
Data copied for Brachionycha nubeculosa with 1000 images.
Data copied for Lycophotia porphyrea with 1000 images.
Data copied for Brachylomia viminalis with 1000 images.
Data copied for Eugnorisma depuncta with 1000 images.
Data copied for Eugnorisma glareosa with 621 images.
Data copied for Syngrapha interrogationis with 1000 images.
/home/mila/a/aditya.jain/scratch/GBIF_Data/moths_world//Noctuidae/Syngrapha/Syngrapha diasema already existed but now deleted.
Data copied for Syngrapha diasema with 67 images.
Data copied for Bryophila domestica with 1000 images.
Data copied for Calamia tridens with 1000 images.
Data copied for Craniophora ligustri with 1000 images.
Data copied for Brithys crini with 43 images.
Data copied for Feltia subgothica with 154 images.
Data copied for Raphia frater with 1000 images.
Data copied for Eremobia ochroleuca with 239 images.
Data copied for Lacinipolia laudabilis with 588 images.
Data copied for Mamestra brassicae with 1000 images.
Data copied for Panolis flammea with 1000 images.
Data copied for Megalographa biloba with 758 images.
Data copied for Melanchra persicariae with 1000 images.
Data copied for Mesoligia furuncula with 1000 images.
Data copied for Sesamia nonagrioides with 19 images.
Data copied for Panthea coenobita with 1000 images.
Data copied for Galgula partita with 1000 images.
Data copied for Ceramica pisi with 1000 images.
Data copied for Callistege mi with 844 images.
Data copied for Lamprotes c-aureum with 214 images.
Data copied for Euchalcia variabilis with 80 images.
Data copied for Condica capensis with 12 images.
Data copied for Griposia aprilina with 1000 images.
Data copied for Dichonia aprilina with 2 images.
Data copied for Ammoconia caecimacula with 1000 images.
Data copied for Helotropha leucostigma with 1000 images.
Data copied for Blepharita amica with 395 images.
Data copied for Xanthopastis timais with 59 images.
Data copied for Lateroligia ophiogramma with 1000 images.
Data copied for Pabulatrix pabulatricula with 447 images.
Data copied for Staurophora celsia with 1000 images.
Data copied for Acosmetia caliginosa with 2 images.
Data copied for Phragmatiphila nexa with 39 images.
Data copied for Lasionycta proxima with 34 images.
Data copied for Epilecta linogrisea with 299 images.
Data copied for Chersotis cuprea with 1000 images.
Data copied for Epipsilia grisescens with 476 images.
Data copied for Opigena polygona with 629 images.
Data copied for Eugraphe sigma with 211 images.
Data copied for Aspilapteryx tringipennella with 304 images.
Data copied for Callisto coffeella with 5 images.
Data copied for Caloptilia alchimiella with 719 images.
Data copied for Caloptilia azaleella with 139 images.
Data copied for Caloptilia cuculipennella with 101 images.
Data copied for Caloptilia elongella with 67 images.
Data copied for Caloptilia falconipennella with 46 images.
Data copied for Caloptilia hemidactylella with 119 images.
Data copied for Caloptilia robustella with 375 images.
Data copied for Caloptilia rufipennella with 14 images.
Data copied for Caloptilia semifascia with 16 images.
Data copied for Caloptilia populetorum with 177 images.
Data copied for Caloptilia honoratella with 18 images.
Data copied for Caloptilia fidella with 18 images.
Data copied for Caloptilia suberinella with 79 images.
Data copied for Caloptilia betulicola with 75 images.
Data copied for Caloptilia leucapennella with 14 images.
Data copied for Parornix anglicella with 28 images.
Data copied for Parornix atripalpella with 4 images.
Data copied for Parornix carpinella with 2 images.
Data copied for Parornix devoniella with 54 images.
Data copied for Parornix fagivora with 2 images.
Data copied for Parornix finitimella with 25 images.
Data copied for Parornix loganella with 16 images.
Data copied for Parornix scoticella with 40 images.
Data copied for Parornix torquillella with 13 images.
Data copied for Parornix traugotti with 2 images.
Data copied for Phyllocnistis saligna with 148 images.
Data copied for Phyllocnistis unipunctella with 106 images.
Data copied for Phyllocnistis xenia with 8 images.
Data copied for Phyllocnistis labyrinthella with 18 images.
Data copied for Phyllocnistis citrella with 1 images.
Data copied for Acrocercops brongniardella with 270 images.
Data copied for Phyllonorycter anderidae with 1 images.
Data copied for Phyllonorycter cavella with 14 images.
Data copied for Phyllonorycter cerasicolella with 11 images.
Data copied for Phyllonorycter comparella with 14 images.
Data copied for Phyllonorycter coryli with 22 images.
Data copied for Phyllonorycter esperella with 38 images.
Data copied for Phyllonorycter distentella with 1 images.
Data copied for Phyllonorycter dubitella with 16 images.
Data copied for Phyllonorycter geniculella with 39 images.
Data copied for Phyllonorycter harrisella with 591 images.
Data copied for Phyllonorycter hilarella with 31 images.
Data copied for Phyllonorycter hostis with 1 images.
Data copied for Phyllonorycter insignitella with 6 images.
Data copied for Phyllonorycter junoniella with 20 images.
Data copied for Phyllonorycter klemannella with 74 images.
Data copied for Phyllonorycter kuhlweiniella with 118 images.
Data copied for Phyllonorycter lantanella with 2 images.
Data copied for Phyllonorycter lautella with 54 images.
Data copied for Phyllonorycter maestingella with 107 images.
Data copied for Phyllonorycter mespilella with 2 images.
Data copied for Phyllonorycter muelleriella with 258 images.
Data copied for Phyllonorycter nicellii with 32 images.
Data copied for Phyllonorycter nigrescentella with 27 images.
Data copied for Phyllonorycter oxyacanthae with 32 images.
Data copied for Phyllonorycter pastorella with 10 images.
Data copied for Phyllonorycter platani with 127 images.
Data copied for Phyllonorycter quercifoliella with 537 images.
Data copied for Phyllonorycter rajella with 163 images.
Data copied for Phyllonorycter roboris with 85 images.
Data copied for Phyllonorycter sagitella with 19 images.
Data copied for Phyllonorycter salicicolella with 22 images.
Data copied for Phyllonorycter schreberella with 27 images.
Data copied for Phyllonorycter sorbi with 52 images.
Data copied for Phyllonorycter spinicolella with 18 images.
Data copied for Phyllonorycter stettinensis with 54 images.
Data copied for Phyllonorycter strigulatella with 51 images.
Data copied for Phyllonorycter tenerella with 19 images.
Data copied for Phyllonorycter tristrigella with 60 images.
Data copied for Phyllonorycter ulmifoliella with 379 images.
Data copied for Phyllonorycter viminetorum with 3 images.
Data copied for Phyllonorycter leucographella with 78 images.
Data copied for Phyllonorycter trifasciella with 58 images.
Data copied for Phyllonorycter heegeriella with 36 images.
Data copied for Phyllonorycter messaniella with 54 images.
Data copied for Phyllonorycter quinqueguttella with 19 images.
Data copied for Phyllonorycter corylifoliella with 64 images.
Data copied for Phyllonorycter acerifoliella with 78 images.
Data copied for Phyllonorycter froelichiella with 42 images.
Data copied for Phyllonorycter connexella with 3 images.
Data copied for Phyllonorycter medicaginella with 4 images.
Data copied for Phyllonorycter populifoliella with 7 images.
Data copied for Dialectica imperialella with 14 images.
Data copied for Dialectica scalariella with 60 images.
Data copied for Leucospilapteryx omissella with 7 images.
Data copied for Micrurapteryx kollariella with 11 images.
Data copied for Parectopa ononidis with 31 images.
Data copied for Calybites phasianipennella with 339 images.
Data copied for Cosmopterix lienigiella with 17 images.
Data copied for Cosmopterix orichalcea with 7 images.
Data copied for Cosmopterix scribaiella with 40 images.
Data copied for Cosmopterix zieglerella with 126 images.
Data copied for Pancalia leuwenhoekella with 56 images.
Data copied for Pancalia schwarzella with 77 images.
Data copied for Sorhagenia janiszewskae with 8 images.
Data copied for Sorhagenia lophyrella with 17 images.
Data copied for Sorhagenia rhamniella with 59 images.
Data copied for Anatrachyntis badia with 9 images.
Data copied for Pyroderces argyrogrammos with 43 images.
Data copied for Oxyptilus pilosellae with 260 images.
Data copied for Oxyptilus parvidactyla with 37 images.
Data copied for Oxyptilus ericetorum with 31 images.
Data copied for Stenoptilia zophodactylus with 129 images.
Data copied for Stenoptilia islandicus with 5 images.
Data copied for Stenoptilia pterodactyla with 295 images.
Data copied for Stenoptilia pneumonanthes with 14 images.
Data copied for Stenoptilia millieridactylus with 1 images.
Data copied for Stenoptilia pelidnodactyla with 30 images.
Data copied for Platyptilia calodactyla with 136 images.
Data copied for Platyptilia gonodactyla with 435 images.
Data copied for Platyptilia isodactylus with 25 images.
Data copied for Platyptilia nemoralis with 8 images.
Data copied for Agdistis tamaricis with 6 images.
Data copied for Agdistis bennetii with 31 images.
Data copied for Agdistis adactyla with 1 images.
Data copied for Hellinsia osteodactylus with 98 images.
Data copied for Pselnophorus heterodactyla with 18 images.
Data copied for Wheeleria spilodactylus with 14 images.
Data copied for Porrittia galactodactyla with 14 images.
Data copied for Pterophorus pentadactyla with 1000 images.
Data copied for Petrophora chlorosata with 1000 images.
Data copied for Capperia britanniodactylus with 19 images.
Data copied for Buckleria paludum with 39 images.
Data copied for Adaina microdactyla with 478 images.
Data copied for Merrifieldia baliodactylus with 76 images.
Data copied for Merrifieldia tridactyla with 27 images.
Data copied for Merrifieldia leucodactyla with 83 images.
Data copied for Marasmarcha lunaedactyla with 62 images.
Data copied for Amblyptilia acanthadactyla with 1000 images.
Data copied for Amblyptilia punctidactyla with 111 images.
Data copied for Oidaematophorus lithodactyla with 118 images.
Data copied for Crombrugghia tristis with 2 images.
Data copied for Crombrugghia distans with 158 images.
Data copied for Crombrugghia laetus with 7 images.
Data copied for Geina didactyla with 87 images.
Data copied for Pachyrhabda steropodes with 3 images.
Data copied for Batia internella with 32 images.
Data copied for Batia lambdella with 46 images.
Data copied for Batia lunaris with 609 images.
Data copied for Crassa tinctella with 393 images.
Data copied for Crassa unitella with 1000 images.
Data copied for Borkhausenia fuscescens with 783 images.
Data copied for Borkhausenia minutella with 640 images.
Data copied for Borkhausenia luridicomella with 310 images.
Data copied for Schiffermuelleria schaefferella with 35 images.
Data copied for Denisia albimaculea with 22 images.
Data copied for Denisia augustella with 2 images.
Data copied for Denisia similella with 638 images.
Data copied for Denisia stipella with 1000 images.
Data copied for Pleurota aristella with 36 images.
Data copied for Pleurota bicostella with 1000 images.
Data copied for Harpella forficella with 1000 images.
Data copied for Hofmannophila pseudospretella with 1000 images.
Data copied for Alabonia geoffrella with 440 images.
Data copied for Aplota palpella with 66 images.
Data copied for Oecophora bractella with 824 images.
Data copied for Esperia sulphurella with 1000 images.
Data copied for Tachystola acroxantha with 499 images.
Data copied for Barea asbolaea with 1 images.
Data copied for Trachypepla contritella with 31 images.
Data copied for Rhigognostis senilella with 2 images.
Data copied for Eidophasia messingiella with 143 images.
Data copied for Batrachedra pinicolella with 57 images.
Data copied for Blastobasis lacticolella with 37 images.
Data copied for Blastobasis phycidella with 178 images.
Data copied for Blastobasis vittata with 1 images.
Data copied for Blastobasis rebeli with 3 images.
Data copied for Blastobasis maroccanella with 5 images.
Data copied for Hypatopa binotella with 670 images.
Data copied for Blastodacna hellerella with 26 images.
Data copied for Semioscopis avellanella with 1000 images.
Data copied for Semioscopis steinkellneriana with 744 images.
Data copied for Elachista adscitella with 100 images.
Data copied for Elachista albifrontella with 59 images.
Data copied for Elachista apicipunctella with 73 images.
Data copied for Elachista argentella with 249 images.
Data copied for Elachista biatomella with 62 images.
Data copied for Elachista bisulcella with 46 images.
Data copied for Elachista canapennella with 144 images.
Data copied for Elachista gangabella with 1 images.
Data copied for Elachista geminatella with 5 images.
Data copied for Elachista gleichenella with 36 images.
Data copied for Elachista humilis with 24 images.
Data copied for Elachista luticomella with 29 images.
Data copied for Elachista nobilella with 10 images.
Data copied for Elachista orstadii with 5 images.
Data copied for Elachista poae with 10 images.
Data copied for Elachista rufocinerea with 33 images.
Data copied for Elachista scirpi with 1 images.
Data copied for Elachista serricornis with 8 images.
Data copied for Elachista subnigrella with 3 images.
Data copied for Elachista subocellea with 2 images.
Data copied for Elachista tengstromi with 10 images.
Data copied for Elachista trapeziella with 1 images.
Data copied for Elachista triatomea with 28 images.
Data copied for Elachista utonella with 44 images.
Data copied for Elachista bedellella with 7 images.
Data copied for Elachista pomerana with 2 images.
Data copied for Elachista atricomella with 70 images.
Data copied for Cosmiotes freyerella with 77 images.
Data copied for Elachista anserinella with 8 images.
Data copied for Elachista bifasciella with 21 images.
Data copied for Elachista compsa with 2 images.
Data copied for Elachista dispilella with 5 images.
Data copied for Elachista pollinariella with 25 images.
Data copied for Elachista pullicomella with 56 images.
Data copied for Mendesia farinella with 28 images.
Data copied for Perittia obscurepunctella with 10 images.
Data copied for Depressaria chaerophylli with 26 images.
Data copied for Depressaria douglasella with 14 images.
Data copied for Depressaria olerella with 375 images.
Data copied for Depressaria pimpinellae with 402 images.
Data copied for Depressaria sordidatella with 1000 images.
Data copied for Depressaria silesiaca with 61 images.
Data copied for Depressaria emeritella with 114 images.
Data copied for Depressaria artemisiae with 99 images.
Data copied for Depressaria ultimella with 9 images.
Data copied for Agonopterix alstromeriana with 327 images.
Data copied for Agonopterix arenella with 1000 images.
Data copied for Agonopterix assimilella with 14 images.
Data copied for Agonopterix atomella with 3 images.
Data copied for Agonopterix capreolella with 170 images.
Data copied for Agonopterix ciliella with 226 images.
Data copied for Agonopterix conterminella with 280 images.
Data copied for Agonopterix curvipunctosa with 73 images.
Data copied for Agonopterix heracliana with 1000 images.
Data copied for Agonopterix kaekeritziana with 481 images.
Data copied for Agonopterix liturosa with 914 images.
Data copied for Agonopterix nervosa with 171 images.
Data copied for Agonopterix pallorella with 17 images.
Data copied for Agonopterix propinquella with 604 images.
Data copied for Agonopterix purpurea with 64 images.
Data copied for Agonopterix scopariella with 42 images.
Data copied for Agonopterix subpropinquella with 66 images.
Data copied for Agonopterix astrantiae with 34 images.
Data copied for Agonopterix yeatiana with 342 images.
Data copied for Agonopterix ocellana with 1000 images.
Data copied for Agonopterix cnicella with 8 images.
Data copied for Agonopterix bipunctosa with 3 images.
Data copied for Agonopterix laterella with 53 images.
Data copied for Agonopterix multiplicella with 14 images.
Data copied for Agonopterix selini with 145 images.
Data copied for Ethmia dodecea with 43 images.
Data copied for Ethmia pusiella with 228 images.
Data copied for Ethmia pyrausta with 29 images.
Data copied for Ethmia quadrillella with 1000 images.
Data copied for Ethmia terminella with 308 images.
Data copied for Dystebenna stephensi with 2 images.
Data copied for Exaeretia allisella with 423 images.
Data copied for Chrysoclista lathamella with 8 images.
Data copied for Orophia ferrugella with 580 images.
Data copied for Luquetia lobella with 140 images.
Data copied for Bohemannia auriciliella with 2 images.
Data copied for Bohemannia quadrimaculella with 41 images.
Data copied for Ectoedemia intimella with 22 images.
Data copied for Ectoedemia minimella with 4 images.
Data copied for Ectoedemia rubivora with 1 images.
Data copied for Ectoedemia subbimaculella with 170 images.
Data copied for Ectoedemia turbidella with 19 images.
Data copied for Ectoedemia angulifasciella with 6 images.
Data copied for Ectoedemia arcuatella with 1 images.
Data copied for Ectoedemia hannoverella with 13 images.
Data copied for Ectoedemia quinquella with 3 images.
Data copied for Ectoedemia albifasciella with 99 images.
Data copied for Ectoedemia atricollis with 2 images.
Data copied for Stigmella aceris with 13 images.
Data copied for Stigmella alnetella with 4 images.
Data copied for Stigmella anomalella with 12 images.
Data copied for Stigmella aurella with 24 images.
Data copied for Stigmella basiguttella with 3 images.
Data copied for Stigmella catharticella with 1 images.
Data copied for Stigmella confusella with 2 images.
Data copied for Stigmella crataegella with 1 images.
Data copied for Stigmella floslactella with 26 images.
Data copied for Stigmella hemargyrella with 34 images.
Data copied for Stigmella hybnerella with 19 images.
Data copied for Stigmella lemniscella with 20 images.
Data copied for Stigmella magdalenae with 4 images.
Data copied for Stigmella malella with 2 images.
Data copied for Stigmella nylandriella with 1 images.
Data copied for Stigmella obliquella with 3 images.
Data copied for Stigmella perpygmaeella with 2 images.
Data copied for Stigmella plagicolella with 3 images.
Data copied for Stigmella pretiosa with 2 images.
Data copied for Stigmella roborella with 21 images.
Data copied for Stigmella salicis with 13 images.
Data copied for Stigmella samiatella with 10 images.
Data copied for Stigmella sorbi with 4 images.
Data copied for Stigmella speciosa with 2 images.
Data copied for Stigmella tiliae with 5 images.
Data copied for Stigmella tityrella with 22 images.
Data copied for Stigmella trimaculella with 52 images.
Data copied for Stigmella ulmivora with 13 images.
Data copied for Stigmella zelleriella with 1 images.
Data copied for Stigmella splendidissimella with 40 images.
Data copied for Stigmella assimilella with 23 images.
Data copied for Stigmella ruficapitella with 3 images.
Data copied for Stigmella luteella with 3 images.
Data copied for Stigmella dryadella with 1 images.
Data copied for Stigmella myrtillella with 3 images.
Data copied for Trifurcula eurema with 1 images.
Data copied for Trifurcula immundella with 19 images.
Data copied for Trifurcula subnitidella with 1 images.
Data copied for Roeslerstammia erxlebella with 67 images.
Data copied for Roeslerstammia pronubella with 1 images.
Data copied for Bucculatrix albedinella with 11 images.
Data copied for Bucculatrix cidarella with 107 images.
Data copied for Bucculatrix cristatella with 16 images.
Data copied for Bucculatrix demaryella with 61 images.
Data copied for Bucculatrix humiliella with 9 images.
Data copied for Bucculatrix maritima with 30 images.
Data copied for Bucculatrix nigricomella with 96 images.
Data copied for Bucculatrix thoracella with 346 images.
Data copied for Bucculatrix ulmella with 262 images.
Data copied for Bucculatrix frangutella with 108 images.
Data copied for Bucculatrix artemisiella with 2 images.
Data copied for Bucculatrix ulmifoliae with 2 images.
Data copied for Bucculatrix absinthii with 8 images.
Data copied for Bucculatrix noltei with 4 images.
Data copied for Bucculatrix bechsteinella with 67 images.
Data copied for Paracrania chrysolepidella with 5 images.
Data copied for Eriocrania salopiella with 18 images.
Data copied for Eriocrania sangii with 36 images.
Data copied for Eriocrania sparrmannella with 165 images.
Data copied for Scythris empetrella with 33 images.
Data copied for Scythris potentillella with 25 images.
Data copied for Scythris siccella with 27 images.
Data copied for Scythris fuscoaenea with 17 images.
Data copied for Scythris cicadella with 99 images.
Data copied for Scythris palustris with 1 images.
Data copied for Scythris knochella with 17 images.
Data copied for Scythris crypta with 3 images.
Data copied for Scythris sinensis with 130 images.
Data copied for Synanthedon scoliaeformis with 171 images.
Data copied for Synanthedon andrenaeformis with 117 images.
Data copied for Synanthedon flaviventris with 43 images.
Data copied for Synanthedon formicaeformis with 1000 images.
Data copied for Synanthedon spheciformis with 336 images.
Data copied for Synanthedon vespiformis with 495 images.
Data copied for Synanthedon myopaeformis with 541 images.
Data copied for Synanthedon culiciformis with 226 images.
Data copied for Pyropteron chrysidiformis with 100 images.
Data copied for Pyropteron muscaeformis with 19 images.
Data copied for Sesia bembeciformis with 177 images.
Data copied for Pennisetia hylaeiformis with 462 images.
Data copied for Bembecia ichneumoniformis with 505 images.
Data copied for Phaulernis dentella with 52 images.
Data copied for Phaulernis fulviguttella with 27 images.
Data copied for Epermenia farreni with 4 images.
Data copied for Ochromolopis ictella with 8 images.
Data copied for Phyllodesma ilicifolia with 293 images.
Data copied for Trichiura crataegi with 633 images.
Data copied for Euthrix potatoria with 1000 images.
Data copied for Gastropacha quercifolia with 579 images.
Data copied for Gastropacha populifolia with 24 images.
Data copied for Poecilocampa populi with 1000 images.
Data copied for Dendrolimus pini with 1000 images.
Data copied for Lasiocampa quercus with 1000 images.
Data copied for Lasiocampa trifolii with 1000 images.
Data copied for Eriogaster lanestris with 153 images.
Data copied for Eriogaster catax with 20 images.
Data copied for Macrothylacia rubi with 1000 images.
Data copied for Malacosoma castrensis with 316 images.
Data copied for Malacosoma neustria with 1000 images.
Data copied for Odonestis pruni with 259 images.
Data copied for Diurnea fagella with 1000 images.
Data copied for Diurnea lipsiella with 1000 images.
Data copied for Glyphipterix equitella with 15 images.
Data copied for Glyphipterix forsterella with 70 images.
Data copied for Glyphipterix fuscoviridella with 5 images.
Data copied for Glyphipterix schoenicolella with 69 images.
Data copied for Glyphipterix simpliciella with 685 images.
Data copied for Glyphipterix thrasonella with 699 images.
Data copied for Glyphipterix bergstraesserella with 105 images.
Data copied for Digitivalva reticulella with 10 images.
Data copied for Orthotelia sparganella with 153 images.
Data copied for Adela croesella with 410 images.
Data copied for Adela cuprella with 432 images.
Data copied for Adela violella with 246 images.
Data copied for Nematopogon magna with 9 images.
Data copied for Nematopogon swammerdamella with 824 images.
Data copied for Nematopogon schwarziellus with 47 images.
Data copied for Nematopogon adansoniella with 607 images.
Data copied for Nematopogon robertella with 139 images.
Data copied for Nematopogon metaxella with 91 images.
Data copied for Nematopogon pilella with 33 images.
Data copied for Nemophora fasciella with 18 images.
Data copied for Nemophora metallica with 668 images.
Data copied for Nemophora degeerella with 1000 images.
Data copied for Nemophora congruella with 7 images.
Data copied for Tebenna micalis with 206 images.
Data copied for Tebenna bjerkandrella with 28 images.
Data copied for Prochoreutis myllerana with 212 images.
Data copied for Prochoreutis sehestediana with 104 images.
Data copied for Incurvaria masculella with 1000 images.
Data copied for Incurvaria pectinea with 191 images.
Data copied for Incurvaria koerneriella with 41 images.
Data copied for Alloclemensia mesospilella with 4 images.
Data copied for Tinagma balteolella with 17 images.
Data copied for Tinagma ocnerostomella with 84 images.
Data copied for Tinagma anchusella with 3 images.
Data copied for Klimeschia transversella with 13 images.
Data copied for Amphisbatis incongruella with 24 images.
Data copied for Lypusa maurella with 141 images.
Data copied for Prays fraxinella with 503 images.
Data copied for Prays citri with 4 images.
Data copied for Atemelia torquatella with 15 images.
Data copied for Dichomeris acuminatus with 9 images.
Data copied for Dichomeris ustalella with 14 images.
Data copied for Dichomeris alacella with 186 images.
Data copied for Dichomeris juniperella with 121 images.
Data copied for Dichomeris derasella with 14 images.
Data copied for Scrobipalpa samadensis with 5 images.
Data copied for Scrobipalpa instabilella with 1 images.
Data copied for Scrobipalpa murinella with 1 images.
Data copied for Scrobipalpa nitentella with 13 images.
Data copied for Scrobipalpa obsoletella with 20 images.
Data copied for Scrobipalpa ocellatella with 102 images.
Data copied for Scrobipalpa costella with 89 images.
Data copied for Scrobipalpa salicorniae with 1 images.
Data copied for Scrobipalpa clintoni with 3 images.
Data copied for Scrobipalpa artemisiella with 15 images.
Data copied for Scrobipalpa stangei with 3 images.
Data copied for Scrobipalpa proclivella with 2 images.
Data copied for Scrobipalpa salinella with 6 images.
Data copied for Monochroa conspersella with 4 images.
Data copied for Monochroa niphognatha with 7 images.
Data copied for Monochroa tenebrella with 112 images.
Data copied for Monochroa suffusella with 13 images.
Data copied for Monochroa tetragonella with 9 images.
Data copied for Monochroa divisella with 1 images.
Data copied for Monochroa lutulentella with 43 images.
Data copied for Monochroa elongella with 5 images.
Data copied for Monochroa cytisella with 121 images.
Data copied for Monochroa arundinetella with 14 images.
Data copied for Monochroa hornigi with 6 images.
Data copied for Monochroa palustrellus with 49 images.
Data copied for Monochroa lucidella with 101 images.
Data copied for Monochroa rumicetella with 6 images.
Data copied for Monochroa sepicolella with 8 images.
Data copied for Monochroa servella with 7 images.
Data copied for Monochroa ferrea with 1 images.
Data copied for Helcystogramma triannulella with 34 images.
Data copied for Helcystogramma lutatella with 84 images.
Data copied for Helcystogramma rufescens with 387 images.
Data copied for Helcystogramma lineolella with 5 images.
Data copied for Caryocolum huebneri with 2 images.
Data copied for Caryocolum vicinella with 52 images.
Data copied for Caryocolum tricolorella with 21 images.
Data copied for Caryocolum blandella with 33 images.
Data copied for Caryocolum blandelloides with 3 images.
Data copied for Caryocolum proxima with 4 images.
Data copied for Caryocolum junctella with 56 images.
Data copied for Caryocolum viscariella with 21 images.
Data copied for Caryocolum kroesmanniella with 8 images.
Data copied for Caryocolum marmorea with 29 images.
Data copied for Caryocolum fraternella with 138 images.
Data copied for Caryocolum alsinella with 57 images.
Data copied for Caryocolum blandulella with 16 images.
Data copied for Caryocolum fischerella with 87 images.
Data copied for Caryocolum amaurella with 6 images.
Data copied for Metzneria metzneriella with 72 images.
Data copied for Metzneria aprilella with 44 images.
Data copied for Metzneria aestivella with 18 images.
Data copied for Metzneria neuropterella with 32 images.
Data copied for Metzneria ehikeella with 9 images.
Data copied for Metzneria santolinella with 4 images.
Data copied for Psamathocrita osseella with 2 images.
Data copied for Pseudotelphusa scalella with 198 images.
Data copied for Mesophleps silacella with 9 images.
Data copied for Anarsia innoxiella with 134 images.
Data copied for Anarsia spartiella with 23 images.
Data copied for Teleiodes flavimaculella with 24 images.
Data copied for Teleiodes luculella with 872 images.
Data copied for Teleiodes vulgella with 186 images.
Data copied for Teleiodes wagae with 12 images.
Data copied for Teleiodes saltuum with 13 images.
Data copied for Gelechia hippophaella with 6 images.
Data copied for Gelechia turpella with 21 images.
Data copied for Gelechia nigra with 59 images.
Data copied for Gelechia rhombella with 154 images.
Data copied for Gelechia cuneatella with 8 images.
Data copied for Gelechia sororculella with 95 images.
Data copied for Gelechia senticetella with 247 images.
Data copied for Gelechia scotinella with 36 images.
Data copied for Gelechia muscosella with 138 images.
Data copied for Gelechia rhombelliformis with 3 images.
Data copied for Gelechia sestertiella with 101 images.
Data copied for Aproaerema anthyllidella with 110 images.
Data copied for Carpatolechia decorella with 191 images.
Data copied for Hypatima rhomboidella with 313 images.
Data copied for Aristotelia ericinella with 366 images.
Data copied for Aristotelia brizella with 49 images.
Data copied for Aristotelia subdecurtella with 5 images.
Data copied for Apodia bifractella with 173 images.
Data copied for Gnorimoschema bodillum with 1 images.
Data copied for Scrobipalpula tussilaginis with 1 images.
Data copied for Scrobipalpula psilella with 27 images.
Data copied for Stenolechia gemmella with 204 images.
Data copied for Chionodes distinctella with 61 images.
Data copied for Chionodes fumatella with 34 images.
Data copied for Chionodes tragicella with 4 images.
Data copied for Chionodes luctuella with 21 images.
Data copied for Chionodes electella with 143 images.
Data copied for Chionodes ignorantella with 2 images.
Data copied for Bryotropha desertella with 25 images.
Data copied for Bryotropha basaltinella with 828 images.
Data copied for Bryotropha affinis with 133 images.
Data copied for Bryotropha terrella with 313 images.
Data copied for Bryotropha umbrosella with 18 images.
Data copied for Bryotropha senectella with 140 images.
Data copied for Bryotropha domestica with 12 images.
Data copied for Nothris verbascella with 80 images.
Data copied for Neofriseria peliella with 129 images.
Data copied for Pexicopia malvella with 237 images.
Data copied for Aroga velocella with 590 images.
Data copied for Platyedra subcinerea with 374 images.
Data copied for Acompsia schmidtiellus with 20 images.
Data copied for Acompsia cinerella with 296 images.
Data copied for Argolamprotes micella with 251 images.
Data copied for Eulamprotes wilkella with 203 images.
Data copied for Thiotricha subocellea with 32 images.
Data copied for Athrips tetrapunctella with 18 images.
Data copied for Parachronistis albiceps with 230 images.
Data copied for Brachmia inornatella with 93 images.
Data copied for Brachmia blandella with 404 images.
Data copied for Brachmia dimidiella with 19 images.
Data copied for Anacampsis blattariella with 482 images.
Data copied for Anacampsis temerella with 23 images.
Data copied for Altenia scriptella with 20 images.
Data copied for Mirificarma mulinella with 50 images.
Data copied for Xystophora pulveratella with 13 images.
Data copied for Teleiopsis diffinis with 644 images.
Data copied for Recurvaria leucatella with 515 images.
Data copied for Psoricoptera gibbosella with 122 images.
Data copied for Psoricoptera speciosella with 15 images.
Data copied for Prolita solutella with 12 images.
Data copied for Isophrictis striatella with 207 images.
Data copied for Isophrictis anthemidella with 19 images.
Data copied for Ptocheuusa paupella with 64 images.
Data copied for Neofaculta ericetella with 406 images.
Data copied for Cosmardia moritzella with 7 images.
Data copied for Sophronia semicostella with 56 images.
Data copied for Sophronia sicariellus with 23 images.
Data copied for Apatetris kinkerella with 3 images.
Data copied for Atremaea lonchoptera with 6 images.
Data copied for Filatima incomptella with 2 images.
Data copied for Stomopteryx remissella with 9 images.
Data copied for Stauropus fagi with 1000 images.
Data copied for Ptilophora plumigera with 680 images.
Data copied for Pterostoma palpina with 1000 images.
Data copied for Leucodonta bicoloria with 1000 images.
Data copied for Ptilodon capucina with 1000 images.
Data copied for Ptilodon cucullina with 599 images.
Data copied for Notodonta dromedarius with 1000 images.
Data copied for Notodonta ziczac with 1000 images.
Data copied for Notodonta tritophus with 1000 images.
Data copied for Cerura vinula with 1000 images.
Data copied for Thaumetopoea pityocampa with 180 images.
Data copied for Thaumetopoea processionea with 1000 images.
Data copied for Thaumetopoea pinivora with 13 images.
Data copied for Clostera anachoreta with 348 images.
Data copied for Clostera pigra with 1000 images.
Data copied for Clostera curtula with 1000 images.
Data copied for Clostera anastomosis with 129 images.
Data copied for Peridea anceps with 1000 images.
Data copied for Furcula bicuspis with 591 images.
Data copied for Furcula bifida with 371 images.
Data copied for Gluphisia crenata with 1000 images.
Data copied for Pheosia gnoma with 1000 images.
Data copied for Pheosia tremula with 1000 images.
Data copied for Odontosia carmelita with 1000 images.
Data copied for Harpyia milhauseri with 1000 images.
Data copied for Drymonia ruficornis with 1000 images.
Data copied for Drymonia obliterata with 596 images.
Data copied for Phalera bucephala with 1000 images.
Data copied for Trichiocercus sparshalli with 81 images.
Data copied for Polyploca ridens with 902 images.
Data copied for Thyatira batis with 1000 images.
Data copied for Sabra harpagula with 150 images.
Data copied for Watsonalla binaria with 1000 images.
Data copied for Watsonalla cultraria with 1000 images.
Data copied for Tethea ocularis with 1000 images.
Data copied for Tethea or with 1000 images.
Data copied for Cilix glaucata with 1000 images.
Data copied for Tetheella fluctuosa with 792 images.
Data copied for Falcaria lacertinaria with 1000 images.
Data copied for Cymatophorina diluta with 627 images.
Data copied for Ochropacha duplaris with 1000 images.
Data copied for Drepana curvatula with 1000 images.
Data copied for Drepana falcataria with 1000 images.
Data copied for Habrosyne pyritoides with 1000 images.
Data copied for Heliodines roesella with 62 images.
Data copied for Earias vittella with 7 images.
Data copied for Earias clorana with 1000 images.
Data copied for Earias biplaga with 101 images.
Data copied for Earias vernana with 41 images.
Data copied for Earias insulana with 51 images.
Data copied for Pseudoips prasinana with 1000 images.
Data copied for Pardasena virgulana with 14 images.
Data copied for Nycteola siculana with 1 images.
Data copied for Nycteola asiatica with 47 images.
Data copied for Nycteola revayana with 1000 images.
Data copied for Nycteola degenerana with 397 images.
Data copied for Nola aerugula with 1000 images.
Data copied for Nola chlamitulalis with 13 images.
Data copied for Nola confusalis with 975 images.
Data copied for Nola cucullatella with 1000 images.
Data copied for Bena bicolorana with 792 images.
Data copied for Meganola strigula with 214 images.
Data copied for Meganola albula with 953 images.
Data copied for Heliozela hammoniella with 5 images.
Data copied for Heliozela resplendella with 2 images.
Data copied for Heliozela sericiella with 31 images.
Data copied for Antispila treitschkiella with 11 images.
Data copied for Antispila metallella with 9 images.
Data copied for Lampronia fuscatella with 14 images.
Data copied for Lampronia morosa with 13 images.
Data copied for Leucoptera laburnella with 18 images.
Data copied for Leucoptera sinuella with 7 images.
Data copied for Leucoptera spartifoliella with 34 images.
Data copied for Leucoptera orobi with 7 images.
Data copied for Lyonetia clerkella with 500 images.
Data copied for Lyonetia ledi with 20 images.
Data copied for Micropterix aruncella with 429 images.
Data copied for Micropterix aureatella with 239 images.
Data copied for Micropterix calthella with 344 images.
Data copied for Micropterix tunbergella with 57 images.
Data copied for Micropterix mansuetella with 38 images.
Data copied for Micropterix osthelderi with 2 images.
Data copied for Micropterix schaefferi with 17 images.
Data copied for Saturnia pavonia with 1000 images.
Data copied for Saturnia pyri with 715 images.
Data copied for Aglia tau with 755 images.
Data copied for Graellsia isabellae with 50 images.
Data copied for Agrius convolvuli with 1000 images.
Data copied for Smerinthus ocellata with 1000 images.
Data copied for Sphinx ligustri with 1000 images.
Data copied for Mimas tiliae with 1000 images.
Data copied for Acherontia atropos with 698 images.
Data copied for Hemaris fuciformis with 1000 images.
Data copied for Hemaris tityus with 689 images.
Data copied for Hippotion celerio with 439 images.
Data copied for Daphnis nerii with 427 images.
Data copied for Deilephila elpenor with 1000 images.
Data copied for Deilephila porcellus with 1000 images.
Data copied for Hyles hippophaes with 45 images.
Data copied for Hyles livornica with 502 images.
Data copied for Laothoe populi with 1000 images.
Data copied for Proserpinus proserpina with 208 images.
Data copied for Macroglossum stellatarum with 1000 images.
Data copied for Nephele accentifera with 23 images.
Data copied for Mompha jurassicella with 99 images.
Data copied for Mompha lacteella with 56 images.
Data copied for Mompha langiella with 162 images.
Data copied for Mompha miscella with 16 images.
Data copied for Mompha ochraceella with 203 images.
Data copied for Mompha subbistrigella with 435 images.
Data copied for Mompha propinquella with 64 images.
Data copied for Triodia sylvina with 1000 images.
Data copied for Hepialus fusconebulosa with 431 images.
Data copied for Hepialus humuli with 1000 images.
Data copied for Pharmacis fusconebulosa with 109 images.
Data copied for Phymatopus hecta with 768 images.
Data copied for Phragmataecia castaneae with 623 images.
Data copied for Cossus cossus with 1000 images.
Data copied for Heterogenea asella with 116 images.
Data copied for Apoda limacodes with 1000 images.
Data copied for Alucita hexadactyla with 1000 images.
Data copied for Alucita grammodactyla with 11 images.
Data copied for Euchromia lethe with 35 images.
Data copied for Antichloris viridis with 6 images.
Data copied for Endromis versicolora with 758 images.
Data copied for Stathmopoda pedella with 740 images.
Data copied for Lemonia dumi with 96 images.
Data copied for Erynnis tages with 1000 images.
Data copied for Pyrgus malvae with 1000 images.
Data copied for Pyrgus serratulae with 298 images.
Data copied for Pyrgus armoricanus with 818 images.
Data copied for Heteropterus morpheus with 1000 images.
Data copied for Carterocephalus silvicola with 1000 images.
Data copied for Thymelicus lineola with 1000 images.
Data copied for Thymelicus sylvestris with 1000 images.
Data copied for Charadra deridens with 486 images.
Data copied for Parnassius mnemosyne with 964 images.
Data copied for Parnassius apollo with 1000 images.
Data copied for Iphiclides podalirius with 1000 images.
Data copied for Papilio machaon with 1000 images.
Data copied for Paysandisia archon with 222 images.
Data copied for Leptidea sinapis with 1000 images.
Data copied for Leptidea reali with 6 images.
Data copied for Anthocharis cardamines with 1000 images.
Data copied for Aporia crataegi with 1000 images.
Data copied for Pieris brassicae with 1000 images.
Data copied for Pieris rapae with 1000 images.
Data copied for Pieris napi with 1000 images.
Data copied for Pontia daplidice with 1000 images.
Data copied for Colias palaeno with 1000 images.
Data copied for Colias croceus with 1000 images.
Data copied for Colias hyale with 1000 images.
Data copied for Colias alfacariensis with 332 images.
Data copied for Gonepteryx rhamni with 1000 images.
Data copied for Hamearis lucina with 1004 images.
Data copied for Lycaena phlaeas with 1000 images.
Data copied for Lycaena dispar with 1006 images.
Data copied for Lycaena virgaureae with 1007 images.
Data copied for Lycaena alciphron with 1004 images.
Data copied for Thecla betulae with 1001 images.
Data copied for Callophrys rubi with 1000 images.
Data copied for Satyrium w-album with 1000 images.
Data copied for Cupido minimus with 1000 images.
Data copied for Celastrina argiolus with 1000 images.
Data copied for Glaucopsyche alexis with 1000 images.
Data copied for Phengaris arion with 1000 images.
Data copied for Phengaris alcon with 812 images.
Data copied for Aricia agestis with 1000 images.
Data copied for Aricia artaxerxes with 1000 images.
Data copied for Argynnis paphia with 1000 images.
Data copied for Issoria lathonia with 1000 images.
Data copied for Brenthis ino with 1000 images.
Data copied for Boloria selene with 1000 images.
Data copied for Boloria dia with 1000 images.
Data copied for Boloria aquilonaris with 971 images.
Data copied for Vanessa atalanta with 1000 images.
Data copied for Vanessa cardui with 1000 images.
Data copied for Aglais urticae with 1000 images.
Data copied for Polygonia c-album with 1000 images.
Data copied for Araschnia levana with 1000 images.
Data copied for Nymphalis antiopa with 1000 images.
Data copied for Nymphalis polychloros with 1000 images.
Data copied for Nymphalis xanthomelas with 1000 images.
Data copied for Euphydryas maturna with 475 images.
Data copied for Euphydryas aurinia with 1000 images.
Data copied for Melitaea cinxia with 1000 images.
Data copied for Melitaea diamina with 1000 images.
Data copied for Melitaea athalia with 1000 images.
Data copied for Limenitis populi with 1000 images.
Data copied for Apatura iris with 1000 images.
Data copied for Apatura ilia with 1000 images.
Data copied for Pararge aegeria with 1000 images.
Data copied for Lasiommata megera with 1000 images.
Data copied for Lasiommata maera with 1000 images.
Data copied for Coenonympha tullia with 1000 images.
Data copied for Coenonympha arcania with 1000 images.
Data copied for Coenonympha hero with 360 images.
Data copied for Coenonympha pamphilus with 1000 images.
Data copied for Pyronia tithonus with 1000 images.
Data copied for Aphantopus hyperantus with 1000 images.
Data copied for Maniola jurtina with 1000 images.
Data copied for Erebia ligea with 1000 images.
Data copied for Melanargia galathea with 1000 images.
Data copied for Hipparchia semele with 1000 images.
Data copied for Danaus plexippus with 1000 images.
Time taken for running the script in seconds 3603
