[=== Module anaconda/3 loaded ===]
Data copied for Ephoria lybia with 3 images.
Data copied for Zanola fieldi with 14 images.
Data copied for Atteva zebra with 69 images.
Data copied for Parapoynx diminutalis with 382 images.
Data copied for Phostria dohrni with 6 images.
Data copied for Cerconota recurvella with 19 images.
Data copied for Ethmia duckworthi with 11 images.
Data copied for Ammalo helops with 99 images.
Data copied for Apistosia judas with 72 images.
Data copied for Calonotos metallicus with 4 images.
Data copied for Acolasis bibitrix with 9 images.
Data copied for Cratoplastis diluta with 52 images.
Data copied for Dialithis gemmifera with 43 images.
Data copied for Dysschema perplexa with 20 images.
Data copied for Eudocima apta with 60 images.
Data copied for Eudocima procus with 23 images.
Data copied for Eulepidotis dominicata with 10 images.
Data copied for Eulepidotis superior with 10 images.
Data copied for Gonodonta sinaldus with 31 images.
Data copied for Gymnelia salvini with 6 images.
Data copied for Hyalurga sora with 43 images.
Data copied for Hyalurga urioides with 5 images.
Data copied for Isogona natatrix with 3 images.
Data copied for Letis alauda with 11 images.
Data copied for Poliopastea auripes with 15 images.
Data copied for Ocalaria cohabita with 1 images.
Data copied for Cyclophora melitia with 4 images.
Data copied for Erastria decrepitaria with 92 images.
Data copied for Herbita lilacina with 26 images.
Data copied for Iridopsis oberthuri with 41 images.
Data copied for Iridopsis validaria with 13 images.
Data copied for Nematocampa completa with 53 images.
Data copied for Oxydia apidania with 104 images.
Data copied for Paragonia tasima with 1 images.
Data copied for Perigramma vicina with 57 images.
Data copied for Pseudomennis bipennis with 11 images.
Data copied for Thyrinteina arnobia with 131 images.
Data copied for Aphylla tenuis with 1 images.
Data copied for Epigomphus quadracies with 3 images.
Data copied for Macrosoma muscerdata with 3 images.
Data copied for Leptonema hamuli with 1 images.
Data copied for Euglyphis deusta with 27 images.
Data copied for Natada incandescens with 6 images.
Data copied for Parasa sandrae with 50 images.
Data copied for Pseudovates chlorophaea with 16 images.
Data copied for Podalia orsilochus with 163 images.
Data copied for Aleyda accipiter with 3 images.
Data copied for Alheita caudina with 20 images.
Data copied for Alheita rionica with 2 images.
Data copied for Cerura rarata with 19 images.
Data copied for Lysana plusiana with 2 images.
Data copied for Scotura annulata with 19 images.
Data copied for Prisopus berosus with 4 images.
Data copied for Arsenura batesii with 33 images.
Data copied for Automerina auletes with 8 images.
Data copied for Automeris dagmarae with 36 images.
Data copied for Automeris hamata with 22 images.
Data copied for Automeris postalbida with 5 images.
Data copied for Automeris zugana with 17 images.
Data copied for Automeris zurobara with 1 images.
Data copied for Caio championi with 7 images.
Data copied for Citheronia lobesis with 28 images.
Data copied for Copaxa decrescens with 16 images.
Data copied for Copiopteryx semiramis with 32 images.
Data copied for Neohomoeopteryx malecena with 2 images.
Data copied for Hyperchiria nausica with 15 images.
Data copied for Oxytenis beprea with 76 images.
Data copied for Oxytenis modestia with 8 images.
Data copied for Oxytenis naemia with 88 images.
Data copied for Periphoba arcaei with 4 images.
Data copied for Pseudodirphia regia with 40 images.
Data copied for Rhescyntis hippodamia with 21 images.
Data copied for Rothschildia erycina with 48 images.
Data copied for Rothschildia lebeau with 173 images.
Data copied for Therinia transversaria with 39 images.
Data copied for Carmenta foraseminis with 10 images.
Data copied for Adhemarius gannascus with 234 images.
Data copied for Aleuron chloroptera with 4 images.
Data copied for Amphimoea walkeri with 18 images.
Data copied for Callionima inuus with 63 images.
Data copied for Callionima nomius with 23 images.
Data copied for Callionima parce with 57 images.
Data copied for Cocytius beelzebuth with 4 images.
Data copied for Enyo gorgon with 47 images.
Data copied for Enyo lugubris with 979 images.
Data copied for Enyo ocypete with 166 images.
Data copied for Erinnyis alope with 116 images.
Data copied for Erinnyis lassauxi with 39 images.
Data copied for Erinnyis obscura with 574 images.
Data copied for Eumorpha capronnieri with 17 images.
Data copied for Eumorpha labruscae with 200 images.
Data copied for Eumorpha triangulum with 62 images.
Data copied for Madoryx oiclus with 32 images.
Data copied for Manduca florestan with 218 images.
Data copied for Manduca lefeburii with 31 images.
Data copied for Manduca sexta with 1000 images.
Data copied for Nyceryx riscus with 18 images.
Data copied for Nyceryx stuarti with 12 images.
Data copied for Oryba achemenides with 45 images.
Data copied for Oryba kadeni with 54 images.
Data copied for Pachygonidia drucei with 15 images.
Data copied for Pachylia darceta with 109 images.
Data copied for Pachylia ficus with 314 images.
Data copied for Perigonia ilus with 4 images.
Data copied for Perigonia lusca with 136 images.
Data copied for Protambulyx strigilis with 297 images.
Data copied for Unzela japix with 44 images.
Data copied for Xylophanes adalia with 15 images.
Data copied for Xylophanes anubus with 67 images.
Data copied for Xylophanes chiron with 182 images.
Data copied for Xylophanes epaphus with 7 images.
Data copied for Xylophanes guianensis with 8 images.
Data copied for Xylophanes libya with 57 images.
Data copied for Xylophanes pluto with 230 images.
Data copied for Xylophanes tyndarus with 26 images.
Data copied for Meskea dyspteraria with 37 images.
Time taken for running the script in seconds 144
