[=== Module anaconda/3 loaded ===]

======== GPU REPORT ========

==============NVSMI LOG==============

Timestamp                                 : Tue Jun 28 04:19:14 2022
Driver Version                            : 510.73.08
CUDA Version                              : 11.6

Attached GPUs                             : 1
GPU 00000000:44:00.0
    Accounting Mode                       : Enabled
    Accounting Mode Buffer Size           : 4000
    Accounted Processes
        Process ID                        : 37803
            GPU Utilization               : 9 %
            Memory Utilization            : 1 %
            Max memory usage              : 1251 MiB
            Time                          : 482932 ms
            Is Running                    : 0

Tue Jun 28 04:19:14 2022       
+-----------------------------------------------------------------------------+
| NVIDIA-SMI 510.73.08    Driver Version: 510.73.08    CUDA Version: 11.6     |
|-------------------------------+----------------------+----------------------+
| GPU  Name        Persistence-M| Bus-Id        Disp.A | Volatile Uncorr. ECC |
| Fan  Temp  Perf  Pwr:Usage/Cap|         Memory-Usage | GPU-Util  Compute M. |
|                               |                      |               MIG M. |
|===============================+======================+======================|
|   0  Quadro RTX 8000     On   | 00000000:44:00.0 Off |                  Off |
| 33%   43C    P0    64W / 260W |      1MiB / 49152MiB |     17%      Default |
|                               |                      |                  N/A |
+-------------------------------+----------------------+----------------------+
                                                                               
+-----------------------------------------------------------------------------+
| Processes:                                                                  |
|  GPU   GI   CI        PID   Type   Process name                  GPU Memory |
|        ID   ID                                                   Usage      |
|=============================================================================|
|  No running processes found                                                 |
+-----------------------------------------------------------------------------+
